  [1m[36m (8.3ms)[0m  [1mCREATE TABLE "schema_migrations" ("version" varchar(255) NOT NULL) [0m
  [1m[35m (0.1ms)[0m  select sqlite_version(*)
  [1m[36m (10.2ms)[0m  [1mCREATE UNIQUE INDEX "unique_schema_migrations" ON "schema_migrations" ("version")[0m
  [1m[35mActiveRecord::SchemaMigration Load (2.9ms)[0m  SELECT "schema_migrations".* FROM "schema_migrations"
  [1m[36mActiveRecord::SchemaMigration Load (2.7ms)[0m  [1mSELECT "schema_migrations".* FROM "schema_migrations"[0m
  [1m[36mActiveRecord::SchemaMigration Load (2.7ms)[0m  [1mSELECT "schema_migrations".* FROM "schema_migrations"[0m
Migrating to CreateStudyYears (20141105173549)
  [1m[35m (0.1ms)[0m  begin transaction
  [1m[36m (5.2ms)[0m  [1mCREATE TABLE "study_years" ("id" INTEGER PRIMARY KEY AUTOINCREMENT NOT NULL, "name" varchar(255), "is_current" boolean, "created_at" datetime, "updated_at" datetime) [0m
  [1m[35mSQL (1.1ms)[0m  INSERT INTO "schema_migrations" ("version") VALUES (?)  [["version", "20141105173549"]]
  [1m[36m (4.7ms)[0m  [1mcommit transaction[0m
Migrating to CreateDepartments (20141105173706)
  [1m[35m (0.1ms)[0m  begin transaction
  [1m[36m (6.0ms)[0m  [1mCREATE TABLE "departments" ("id" INTEGER PRIMARY KEY AUTOINCREMENT NOT NULL, "number" integer, "name" varchar(255), "zav_kaf" varchar(255), "secretary" varchar(255), "director" varchar(255), "study_year_id" integer, "created_at" datetime, "updated_at" datetime) [0m
  [1m[35m (0.1ms)[0m  select sqlite_version(*)
  [1m[36m (0.2ms)[0m  [1mCREATE  INDEX "index_departments_on_study_year_id" ON "departments" ("study_year_id")[0m
  [1m[35mSQL (0.1ms)[0m  INSERT INTO "schema_migrations" ("version") VALUES (?)  [["version", "20141105173706"]]
  [1m[36m (5.3ms)[0m  [1mcommit transaction[0m
Migrating to CreateJoinTableDepartmentUser (20141106124840)
  [1m[35m (0.1ms)[0m  begin transaction
  [1m[36m (5.8ms)[0m  [1mCREATE TABLE "departments_users" ("department_id" integer NOT NULL, "user_id" integer NOT NULL) [0m
  [1m[35mSQL (0.3ms)[0m  INSERT INTO "schema_migrations" ("version") VALUES (?)  [["version", "20141106124840"]]
  [1m[36m (6.3ms)[0m  [1mcommit transaction[0m
  [1m[35mActiveRecord::SchemaMigration Load (3.3ms)[0m  SELECT "schema_migrations".* FROM "schema_migrations"
  [1m[36m (3.3ms)[0m  [1m            SELECT sql
            FROM sqlite_master
            WHERE name='index_departments_on_study_year_id' AND type='index'
            UNION ALL
            SELECT sql
            FROM sqlite_temp_master
            WHERE name='index_departments_on_study_year_id' AND type='index'
[0m
  [1m[36mActiveRecord::SchemaMigration Load (3.1ms)[0m  [1mSELECT "schema_migrations".* FROM "schema_migrations"[0m
  [1m[35mActiveRecord::SchemaMigration Load (3.2ms)[0m  SELECT "schema_migrations".* FROM "schema_migrations"
Migrating to CreateJoinTableDepartmentUser (20141106124840)
  [1m[36m (0.1ms)[0m  [1mbegin transaction[0m
  [1m[35m (6.2ms)[0m  DROP TABLE "departments_users"
  [1m[36mSQL (1.6ms)[0m  [1mDELETE FROM "schema_migrations" WHERE "schema_migrations"."version" = '20141106124840'[0m
  [1m[35m (5.5ms)[0m  commit transaction
  [1m[36mActiveRecord::SchemaMigration Load (3.2ms)[0m  [1mSELECT "schema_migrations".* FROM "schema_migrations"[0m
  [1m[35m (3.2ms)[0m              SELECT sql
            FROM sqlite_master
            WHERE name='index_departments_on_study_year_id' AND type='index'
            UNION ALL
            SELECT sql
            FROM sqlite_temp_master
            WHERE name='index_departments_on_study_year_id' AND type='index'

  [1m[36mActiveRecord::SchemaMigration Load (3.2ms)[0m  [1mSELECT "schema_migrations".* FROM "schema_migrations"[0m
Migrating to CreateUsers (20141105174237)
  [1m[35m (0.1ms)[0m  begin transaction
  [1m[36m (7.1ms)[0m  [1mCREATE TABLE "users" ("id" INTEGER PRIMARY KEY AUTOINCREMENT NOT NULL, "first_name" varchar(255), "second_name" varchar(255), "last_name" varchar(255), "login" varchar(255), "password_digest" varchar(255), "description" varchar(255), "is_operator" boolean, "is_admin" boolean, "created_at" datetime, "updated_at" datetime) [0m
  [1m[35mSQL (1.9ms)[0m  INSERT INTO "schema_migrations" ("version") VALUES (?)  [["version", "20141105174237"]]
  [1m[36m (5.2ms)[0m  [1mcommit transaction[0m
Migrating to CreateGraphics (20141105174959)
  [1m[35m (0.1ms)[0m  begin transaction
  [1m[36m (5.7ms)[0m  [1mCREATE TABLE "graphics" ("id" INTEGER PRIMARY KEY AUTOINCREMENT NOT NULL, "date_from" date, "date_to" date, "is_activ" boolean, "department_id" integer, "created_at" datetime, "updated_at" datetime) [0m
  [1m[35mSQL (0.3ms)[0m  INSERT INTO "schema_migrations" ("version") VALUES (?)  [["version", "20141105174959"]]
  [1m[36m (5.6ms)[0m  [1mcommit transaction[0m
Migrating to CreateGraphicTypes (20141105175146)
  [1m[35m (0.1ms)[0m  begin transaction
  [1m[36m (5.6ms)[0m  [1mCREATE TABLE "graphic_types" ("id" INTEGER PRIMARY KEY AUTOINCREMENT NOT NULL, "name" varchar(255), "graphic_id" integer, "created_at" datetime, "updated_at" datetime) [0m
  [1m[35mSQL (0.3ms)[0m  INSERT INTO "schema_migrations" ("version") VALUES (?)  [["version", "20141105175146"]]
  [1m[36m (6.6ms)[0m  [1mcommit transaction[0m
Migrating to CreateJoinTableDepartmentUser (20141106124840)
  [1m[35m (0.1ms)[0m  begin transaction
  [1m[36m (5.8ms)[0m  [1mCREATE TABLE "departments_users" ("department_id" integer NOT NULL, "user_id" integer NOT NULL) [0m
  [1m[35mSQL (0.3ms)[0m  INSERT INTO "schema_migrations" ("version") VALUES (?)  [["version", "20141106124840"]]
  [1m[36m (6.4ms)[0m  [1mcommit transaction[0m
  [1m[35mActiveRecord::SchemaMigration Load (3.4ms)[0m  SELECT "schema_migrations".* FROM "schema_migrations"
  [1m[36m (3.1ms)[0m  [1m            SELECT sql
            FROM sqlite_master
            WHERE name='index_departments_on_study_year_id' AND type='index'
            UNION ALL
            SELECT sql
            FROM sqlite_temp_master
            WHERE name='index_departments_on_study_year_id' AND type='index'
[0m
  [1m[36mActiveRecord::SchemaMigration Load (3.0ms)[0m  [1mSELECT "schema_migrations".* FROM "schema_migrations"[0m
  [1m[35mActiveRecord::SchemaMigration Load (3.2ms)[0m  SELECT "schema_migrations".* FROM "schema_migrations"
Migrating to CreateJoinTableDepartmentUser (20141106124840)
  [1m[36m (0.1ms)[0m  [1mbegin transaction[0m
  [1m[35m (6.0ms)[0m  DROP TABLE "departments_users"
  [1m[36mSQL (1.4ms)[0m  [1mDELETE FROM "schema_migrations" WHERE "schema_migrations"."version" = '20141106124840'[0m
  [1m[35m (6.3ms)[0m  commit transaction
  [1m[36mActiveRecord::SchemaMigration Load (3.3ms)[0m  [1mSELECT "schema_migrations".* FROM "schema_migrations"[0m
  [1m[35m (3.2ms)[0m              SELECT sql
            FROM sqlite_master
            WHERE name='index_departments_on_study_year_id' AND type='index'
            UNION ALL
            SELECT sql
            FROM sqlite_temp_master
            WHERE name='index_departments_on_study_year_id' AND type='index'

